<?xml version="1.0" encoding="UTF-8"?>
<testng-results ignored="0" total="1" passed="1" failed="0" skipped="0">
  <reporter-output>
  </reporter-output>
  <suite started-at="2023-04-27T21:21:18 ICT" name="Default suite" finished-at="2023-04-27T21:21:38 ICT" duration-ms="20168">
    <groups>
    </groups>
    <test started-at="2023-04-27T21:21:18 ICT" name="Default test" finished-at="2023-04-27T21:21:38 ICT" duration-ms="20168">
      <class name="testcase.MobileBrowserTest">
        <test-method is-config="true" signature="configureAppium()[pri:0, instance:testcase.MobileBrowserTest@5524cca1]" started-at="2023-04-27T21:21:18 ICT" name="configureAppium" finished-at="2023-04-27T21:21:31 ICT" duration-ms="12578" status="PASS">
          <reporter-output>
          </reporter-output>
        </test-method> <!-- configureAppium -->
        <test-method signature="mobileBrowserTest()[pri:0, instance:testcase.MobileBrowserTest@5524cca1]" started-at="2023-04-27T21:21:31 ICT" name="mobileBrowserTest" finished-at="2023-04-27T21:21:38 ICT" duration-ms="7023" status="PASS">
          <reporter-output>
          </reporter-output>
        </test-method> <!-- mobileBrowserTest -->
        <test-method is-config="true" signature="tearDown()[pri:0, instance:testcase.MobileBrowserTest@5524cca1]" started-at="2023-04-27T21:21:38 ICT" name="tearDown" finished-at="2023-04-27T21:21:38 ICT" duration-ms="495" status="PASS">
          <reporter-output>
          </reporter-output>
        </test-method> <!-- tearDown -->
      </class> <!-- testcase.MobileBrowserTest -->
    </test> <!-- Default test -->
  </suite> <!-- Default suite -->
</testng-results>
